0 info it worked if it ends with ok
1 verbose cli [ 'node', '/usr/bin/npm', 'start' ]
2 info using npm@3.3.6
3 info using node@v0.10.40
4 verbose node symlink /usr/bin/node
5 verbose run-script [ 'prestart', 'start', 'poststart' ]
6 info lifecycle art-thing@1.0.0~prestart: art-thing@1.0.0
7 silly lifecycle art-thing@1.0.0~prestart: no script for prestart, continuing
8 info lifecycle art-thing@1.0.0~start: art-thing@1.0.0
9 verbose lifecycle art-thing@1.0.0~start: unsafe-perm in lifecycle true
10 verbose lifecycle art-thing@1.0.0~start: PATH: /usr/lib/node_modules/npm/bin/node-gyp-bin:/home/elsehow/BitTorrent Sync/Projects/art-thing/node_modules/.bin:/usr/local/bin:/usr/bin:/bin:/usr/local/games:/usr/games:/home/elsehow/opt
11 verbose lifecycle art-thing@1.0.0~start: CWD: /home/elsehow/BitTorrent Sync/Projects/art-thing
12 silly lifecycle art-thing@1.0.0~start: Args: [ '-c', 'node index.js' ]
13 silly lifecycle art-thing@1.0.0~start: Returned: code: 8  signal: null
14 info lifecycle art-thing@1.0.0~start: Failed to exec start script
15 verbose stack Error: art-thing@1.0.0 start: `node index.js`
15 verbose stack Exit status 8
15 verbose stack     at EventEmitter.<anonymous> (/usr/lib/node_modules/npm/lib/utils/lifecycle.js:233:16)
15 verbose stack     at EventEmitter.emit (events.js:98:17)
15 verbose stack     at ChildProcess.<anonymous> (/usr/lib/node_modules/npm/lib/utils/spawn.js:24:14)
15 verbose stack     at ChildProcess.emit (events.js:98:17)
15 verbose stack     at maybeClose (child_process.js:766:16)
15 verbose stack     at Process.ChildProcess._handle.onexit (child_process.js:833:5)
16 verbose pkgid art-thing@1.0.0
17 verbose cwd /home/elsehow/BitTorrent Sync/Projects/art-thing
18 error Linux 3.8.11
19 error argv "node" "/usr/bin/npm" "start"
20 error node v0.10.40
21 error npm  v3.3.6
22 error code ELIFECYCLE
23 error art-thing@1.0.0 start: `node index.js`
23 error Exit status 8
24 error Failed at the art-thing@1.0.0 start script 'node index.js'.
24 error This is most likely a problem with the art-thing package,
24 error not with npm itself.
24 error Tell the author that this fails on your system:
24 error     node index.js
24 error You can get their info via:
24 error     npm owner ls art-thing
24 error There is likely additional logging output above.
25 verbose exit [ 1, true ]
